# JRE version: OpenJDK Runtime Environment (17.0.6) (build 17.0.6+0-b2043.56-10027231)
# Java VM: OpenJDK 64-Bit Server VM (17.0.6+0-b2043.56-10027231, mixed mode, tiered, compressed oops, compressed class ptrs, g1 gc, windows-amd64)
GC Precious Log:
 CPUs: 2 total, 2 available
 Memory: 3504M
 Large Page Support: Disabled
 NUMA Support: Disabled
 Compressed Oops: Enabled (32-bit)
 Heap Region Size: 1M
 Heap Min Capacity: 8M
 Heap Initial Capacity: 56M
 Heap Max Capacity: 878M
 Pre-touch: Disabled
 Parallel Workers: 2
 Concurrent Workers: 1
 Concurrent Refinement Workers: 2
 Periodic GC: Disabled
Heap:
 garbage-first heap   total 98304K, used 73544K [0x00000000c9200000, 0x0000000100000000)
  region size 1024K, 11 young (11264K), 2 survivors (2048K)
 Metaspace       used 77325K, committed 77696K, reserved 1122304K
  class space    used 8680K, committed 8832K, reserved 1048576K
GC Heap History (20 events):
Event: 48.472 GC heap before
{Heap before GC invocations=43 (full 0):
 garbage-first heap   total 81920K, used 60797K [0x00000000c9200000, 0x0000000100000000)
  region size 1024K, 17 young (17408K), 3 survivors (3072K)
 Metaspace       used 56978K, committed 57216K, reserved 1105920K
  class space    used 6680K, committed 6784K, reserved 1048576K
}
Event: 48.494 GC heap after
{Heap after GC invocations=44 (full 0):
 garbage-first heap   total 81920K, used 48420K [0x00000000c9200000, 0x0000000100000000)
  region size 1024K, 2 young (2048K), 2 survivors (2048K)
 Metaspace       used 56978K, committed 57216K, reserved 1105920K
  class space    used 6680K, committed 6784K, reserved 1048576K
}
Event: 49.571 GC heap before
{Heap before GC invocations=44 (full 0):
 garbage-first heap   total 81920K, used 49444K [0x00000000c9200000, 0x0000000100000000)
  region size 1024K, 4 young (4096K), 2 survivors (2048K)
 Metaspace       used 57098K, committed 57344K, reserved 1105920K
  class space    used 6689K, committed 6784K, reserved 1048576K
}
Event: 49.609 GC heap after
{Heap after GC invocations=45 (full 0):
 garbage-first heap   total 81920K, used 48475K [0x00000000c9200000, 0x0000000100000000)
  region size 1024K, 1 young (1024K), 1 survivors (1024K)
 Metaspace       used 57098K, committed 57344K, reserved 1105920K
  class space    used 6689K, committed 6784K, reserved 1048576K
}
Event: 56.829 GC heap before
{Heap before GC invocations=45 (full 0):
 garbage-first heap   total 81920K, used 65883K [0x00000000c9200000, 0x0000000100000000)
  region size 1024K, 18 young (18432K), 1 survivors (1024K)
 Metaspace       used 58378K, committed 58624K, reserved 1105920K
  class space    used 6707K, committed 6784K, reserved 1048576K
}
Event: 56.843 GC heap after
{Heap after GC invocations=46 (full 0):
 garbage-first heap   total 98304K, used 50239K [0x00000000c9200000, 0x0000000100000000)
  region size 1024K, 3 young (3072K), 3 survivors (3072K)
 Metaspace       used 58378K, committed 58624K, reserved 1105920K
  class space    used 6707K, committed 6784K, reserved 1048576K
}
Event: 65.755 GC heap before
{Heap before GC invocations=46 (full 0):
 garbage-first heap   total 98304K, used 76863K [0x00000000c9200000, 0x0000000100000000)
  region size 1024K, 29 young (29696K), 3 survivors (3072K)
 Metaspace       used 63097K, committed 63424K, reserved 1105920K
  class space    used 7195K, committed 7360K, reserved 1048576K
}
Event: 65.782 GC heap after
{Heap after GC invocations=47 (full 0):
 garbage-first heap   total 98304K, used 53191K [0x00000000c9200000, 0x0000000100000000)
  region size 1024K, 4 young (4096K), 4 survivors (4096K)
 Metaspace       used 63097K, committed 63424K, reserved 1105920K
  class space    used 7195K, committed 7360K, reserved 1048576K
}
Event: 72.213 GC heap before
{Heap before GC invocations=47 (full 0):
 garbage-first heap   total 98304K, used 78791K [0x00000000c9200000, 0x0000000100000000)
  region size 1024K, 29 young (29696K), 4 survivors (4096K)
 Metaspace       used 67141K, committed 67392K, reserved 1114112K
  class space    used 7614K, committed 7744K, reserved 1048576K
}
Event: 72.257 GC heap after
{Heap after GC invocations=48 (full 0):
 garbage-first heap   total 98304K, used 56309K [0x00000000c9200000, 0x0000000100000000)
  region size 1024K, 3 young (3072K), 3 survivors (3072K)
 Metaspace       used 67141K, committed 67392K, reserved 1114112K
  class space    used 7614K, committed 7744K, reserved 1048576K
}
Event: 76.993 GC heap before
{Heap before GC invocations=49 (full 0):
 garbage-first heap   total 98304K, used 78837K [0x00000000c9200000, 0x0000000100000000)
  region size 1024K, 26 young (26624K), 3 survivors (3072K)
 Metaspace       used 68778K, committed 69120K, reserved 1114112K
  class space    used 7798K, committed 7936K, reserved 1048576K
}
Event: 77.073 GC heap after
{Heap after GC invocations=50 (full 0):
 garbage-first heap   total 98304K, used 60737K [0x00000000c9200000, 0x0000000100000000)
  region size 1024K, 4 young (4096K), 4 survivors (4096K)
 Metaspace       used 68778K, committed 69120K, reserved 1114112K
  class space    used 7798K, committed 7936K, reserved 1048576K
}
Event: 77.128 GC heap before
{Heap before GC invocations=50 (full 0):
 garbage-first heap   total 98304K, used 61761K [0x00000000c9200000, 0x0000000100000000)
  region size 1024K, 5 young (5120K), 4 survivors (4096K)
 Metaspace       used 68807K, committed 69120K, reserved 1114112K
  class space    used 7798K, committed 7936K, reserved 1048576K
}
Event: 77.175 GC heap after
{Heap after GC invocations=51 (full 0):
 garbage-first heap   total 98304K, used 61495K [0x00000000c9200000, 0x0000000100000000)
  region size 1024K, 1 young (1024K), 1 survivors (1024K)
 Metaspace       used 68807K, committed 69120K, reserved 1114112K
  class space    used 7798K, committed 7936K, reserved 1048576K
}
Event: 79.511 GC heap before
{Heap before GC invocations=51 (full 0):
 garbage-first heap   total 98304K, used 78903K [0x00000000c9200000, 0x0000000100000000)
  region size 1024K, 18 young (18432K), 1 survivors (1024K)
 Metaspace       used 69967K, committed 70400K, reserved 1114112K
  class space    used 7922K, committed 8128K, reserved 1048576K
}
Event: 79.521 GC heap after
{Heap after GC invocations=52 (full 0):
 garbage-first heap   total 98304K, used 63486K [0x00000000c9200000, 0x0000000100000000)
  region size 1024K, 3 young (3072K), 3 survivors (3072K)
 Metaspace       used 69967K, committed 70400K, reserved 1114112K
  class space    used 7922K, committed 8128K, reserved 1048576K
}
Event: 81.060 GC heap before
{Heap before GC invocations=52 (full 0):
 garbage-first heap   total 98304K, used 77822K [0x00000000c9200000, 0x0000000100000000)
  region size 1024K, 18 young (18432K), 3 survivors (3072K)
 Metaspace       used 73576K, committed 73984K, reserved 1122304K
  class space    used 8315K, committed 8512K, reserved 1048576K
}
Event: 81.076 GC heap after
{Heap after GC invocations=53 (full 0):
 garbage-first heap   total 98304K, used 64120K [0x00000000c9200000, 0x0000000100000000)
  region size 1024K, 1 young (1024K), 1 survivors (1024K)
 Metaspace       used 73576K, committed 73984K, reserved 1122304K
  class space    used 8315K, committed 8512K, reserved 1048576K
}
Event: 82.514 GC heap before
{Heap before GC invocations=53 (full 0):
 garbage-first heap   total 98304K, used 79480K [0x00000000c9200000, 0x0000000100000000)
  region size 1024K, 17 young (17408K), 1 survivors (1024K)
 Metaspace       used 76942K, committed 77312K, reserved 1122304K
  class space    used 8650K, committed 8832K, reserved 1048576K
}
Event: 82.592 GC heap after
{Heap after GC invocations=54 (full 0):
 garbage-first heap   total 98304K, used 65352K [0x00000000c9200000, 0x0000000100000000)
  region size 1024K, 2 young (2048K), 2 survivors (2048K)
 Metaspace       used 76942K, committed 77312K, reserved 1122304K
  class space    used 8650K, committed 8832K, reserved 1048576K
}

