# JRE version: OpenJDK Runtime Environment (17.0.6) (build 17.0.6+0-b2043.56-10027231)
# Java VM: OpenJDK 64-Bit Server VM (17.0.6+0-b2043.56-10027231, mixed mode, tiered, compressed oops, compressed class ptrs, g1 gc, windows-amd64)
GC Precious Log:
 CPUs: 2 total, 2 available
 Memory: 3504M
 Large Page Support: Disabled
 NUMA Support: Disabled
 Compressed Oops: Enabled (32-bit)
 Heap Region Size: 1M
 Heap Min Capacity: 8M
 Heap Initial Capacity: 56M
 Heap Max Capacity: 878M
 Pre-touch: Disabled
 Parallel Workers: 2
 Concurrent Workers: 1
 Concurrent Refinement Workers: 2
 Periodic GC: Disabled
Heap:
 garbage-first heap   total 46080K, used 28634K [0x00000000c9200000, 0x0000000100000000)
  region size 1024K, 6 young (6144K), 2 survivors (2048K)
 Metaspace       used 46205K, committed 46464K, reserved 1089536K
  class space    used 5623K, committed 5760K, reserved 1048576K
GC Heap History (20 events):
Event: 4.296 GC heap before
{Heap before GC invocations=7 (full 0):
 garbage-first heap   total 34816K, used 27384K [0x00000000c9200000, 0x0000000100000000)
  region size 1024K, 15 young (15360K), 2 survivors (2048K)
 Metaspace       used 29633K, committed 29888K, reserved 1081344K
  class space    used 3622K, committed 3712K, reserved 1048576K
}
Event: 4.307 GC heap after
{Heap after GC invocations=8 (full 0):
 garbage-first heap   total 34816K, used 19161K [0x00000000c9200000, 0x0000000100000000)
  region size 1024K, 2 young (2048K), 2 survivors (2048K)
 Metaspace       used 29633K, committed 29888K, reserved 1081344K
  class space    used 3622K, committed 3712K, reserved 1048576K
}
Event: 4.531 GC heap before
{Heap before GC invocations=8 (full 0):
 garbage-first heap   total 34816K, used 24281K [0x00000000c9200000, 0x0000000100000000)
  region size 1024K, 8 young (8192K), 2 survivors (2048K)
 Metaspace       used 31419K, committed 31680K, reserved 1081344K
  class space    used 4041K, committed 4160K, reserved 1048576K
}
Event: 4.535 GC heap after
{Heap after GC invocations=9 (full 0):
 garbage-first heap   total 34816K, used 19782K [0x00000000c9200000, 0x0000000100000000)
  region size 1024K, 1 young (1024K), 1 survivors (1024K)
 Metaspace       used 31419K, committed 31680K, reserved 1081344K
  class space    used 4041K, committed 4160K, reserved 1048576K
}
Event: 4.646 GC heap before
{Heap before GC invocations=10 (full 0):
 garbage-first heap   total 35840K, used 24902K [0x00000000c9200000, 0x0000000100000000)
  region size 1024K, 6 young (6144K), 1 survivors (1024K)
 Metaspace       used 32956K, committed 33216K, reserved 1081344K
  class space    used 4223K, committed 4352K, reserved 1048576K
}
Event: 4.648 GC heap after
{Heap after GC invocations=11 (full 0):
 garbage-first heap   total 35840K, used 20394K [0x00000000c9200000, 0x0000000100000000)
  region size 1024K, 1 young (1024K), 1 survivors (1024K)
 Metaspace       used 32956K, committed 33216K, reserved 1081344K
  class space    used 4223K, committed 4352K, reserved 1048576K
}
Event: 4.829 GC heap before
{Heap before GC invocations=11 (full 0):
 garbage-first heap   total 35840K, used 26538K [0x00000000c9200000, 0x0000000100000000)
  region size 1024K, 7 young (7168K), 1 survivors (1024K)
 Metaspace       used 34343K, committed 34560K, reserved 1081344K
  class space    used 4364K, committed 4480K, reserved 1048576K
}
Event: 4.831 GC heap after
{Heap after GC invocations=12 (full 0):
 garbage-first heap   total 35840K, used 21245K [0x00000000c9200000, 0x0000000100000000)
  region size 1024K, 1 young (1024K), 1 survivors (1024K)
 Metaspace       used 34343K, committed 34560K, reserved 1081344K
  class space    used 4364K, committed 4480K, reserved 1048576K
}
Event: 4.971 GC heap before
{Heap before GC invocations=13 (full 0):
 garbage-first heap   total 37888K, used 26365K [0x00000000c9200000, 0x0000000100000000)
  region size 1024K, 7 young (7168K), 1 survivors (1024K)
 Metaspace       used 34631K, committed 34880K, reserved 1081344K
  class space    used 4391K, committed 4480K, reserved 1048576K
}
Event: 4.973 GC heap after
{Heap after GC invocations=14 (full 0):
 garbage-first heap   total 37888K, used 20017K [0x00000000c9200000, 0x0000000100000000)
  region size 1024K, 1 young (1024K), 1 survivors (1024K)
 Metaspace       used 34631K, committed 34880K, reserved 1081344K
  class space    used 4391K, committed 4480K, reserved 1048576K
}
Event: 5.232 GC heap before
{Heap before GC invocations=14 (full 0):
 garbage-first heap   total 37888K, used 27185K [0x00000000c9200000, 0x0000000100000000)
  region size 1024K, 9 young (9216K), 1 survivors (1024K)
 Metaspace       used 36231K, committed 36416K, reserved 1081344K
  class space    used 4572K, committed 4672K, reserved 1048576K
}
Event: 5.235 GC heap after
{Heap after GC invocations=15 (full 0):
 garbage-first heap   total 46080K, used 20940K [0x00000000c9200000, 0x0000000100000000)
  region size 1024K, 2 young (2048K), 2 survivors (2048K)
 Metaspace       used 36231K, committed 36416K, reserved 1081344K
  class space    used 4572K, committed 4672K, reserved 1048576K
}
Event: 5.748 GC heap before
{Heap before GC invocations=16 (full 0):
 garbage-first heap   total 46080K, used 33228K [0x00000000c9200000, 0x0000000100000000)
  region size 1024K, 15 young (15360K), 2 survivors (2048K)
 Metaspace       used 39018K, committed 39232K, reserved 1089536K
  class space    used 4828K, committed 4928K, reserved 1048576K
}
Event: 5.753 GC heap after
{Heap after GC invocations=17 (full 0):
 garbage-first heap   total 46080K, used 22116K [0x00000000c9200000, 0x0000000100000000)
  region size 1024K, 2 young (2048K), 2 survivors (2048K)
 Metaspace       used 39018K, committed 39232K, reserved 1089536K
  class space    used 4828K, committed 4928K, reserved 1048576K
}
Event: 5.975 GC heap before
{Heap before GC invocations=17 (full 0):
 garbage-first heap   total 46080K, used 22116K [0x00000000c9200000, 0x0000000100000000)
  region size 1024K, 3 young (3072K), 2 survivors (2048K)
 Metaspace       used 39235K, committed 39424K, reserved 1089536K
  class space    used 4841K, committed 4928K, reserved 1048576K
}
Event: 5.980 GC heap after
{Heap after GC invocations=18 (full 0):
 garbage-first heap   total 46080K, used 21984K [0x00000000c9200000, 0x0000000100000000)
  region size 1024K, 1 young (1024K), 1 survivors (1024K)
 Metaspace       used 39235K, committed 39424K, reserved 1089536K
  class space    used 4841K, committed 4928K, reserved 1048576K
}
Event: 6.444 GC heap before
{Heap before GC invocations=18 (full 0):
 garbage-first heap   total 46080K, used 33248K [0x00000000c9200000, 0x0000000100000000)
  region size 1024K, 13 young (13312K), 1 survivors (1024K)
 Metaspace       used 41677K, committed 41920K, reserved 1089536K
  class space    used 5075K, committed 5184K, reserved 1048576K
}
Event: 6.446 GC heap after
{Heap after GC invocations=19 (full 0):
 garbage-first heap   total 46080K, used 22634K [0x00000000c9200000, 0x0000000100000000)
  region size 1024K, 1 young (1024K), 1 survivors (1024K)
 Metaspace       used 41677K, committed 41920K, reserved 1089536K
  class space    used 5075K, committed 5184K, reserved 1048576K
}
Event: 6.949 GC heap before
{Heap before GC invocations=20 (full 0):
 garbage-first heap   total 46080K, used 32874K [0x00000000c9200000, 0x0000000100000000)
  region size 1024K, 13 young (13312K), 1 survivors (1024K)
 Metaspace       used 45341K, committed 45568K, reserved 1089536K
  class space    used 5527K, committed 5632K, reserved 1048576K
}
Event: 6.954 GC heap after
{Heap after GC invocations=21 (full 0):
 garbage-first heap   total 46080K, used 23514K [0x00000000c9200000, 0x0000000100000000)
  region size 1024K, 2 young (2048K), 2 survivors (2048K)
 Metaspace       used 45341K, committed 45568K, reserved 1089536K
  class space    used 5527K, committed 5632K, reserved 1048576K
}

